Flow report for course-project
Fri Apr 28 18:18:48 2017
Quartus II Version 9.1 Build 222 10/21/2009 SJ Web Edition


---------------------
; Table of Contents ;
---------------------
  1. Legal Notice
  2. Flow Summary
  3. Flow Settings
  4. Flow Non-Default Global Settings
  5. Flow Elapsed Time
  6. Flow OS Summary
  7. Flow Log



----------------
; Legal Notice ;
----------------
Copyright (C) 1991-2009 Altera Corporation
Your use of Altera Corporation's design tools, logic functions 
and other software and tools, and its AMPP partner logic 
functions, and any output files from any of the foregoing 
(including device programming or simulation files), and any 
associated documentation or information are expressly subject 
to the terms and conditions of the Altera Program License 
Subscription Agreement, Altera MegaCore Function License 
Agreement, or other applicable license agreement, including, 
without limitation, that your use is for the sole purpose of 
programming logic devices manufactured by Altera and sold by 
Altera or its authorized distributors.  Please refer to the 
applicable agreement for further details.



+-------------------------------------------------------------------------+
; Flow Summary                                                            ;
+-------------------------------+-----------------------------------------+
; Flow Status                   ; Successful - Fri Apr 28 18:18:48 2017   ;
; Quartus II Version            ; 9.1 Build 222 10/21/2009 SJ Web Edition ;
; Revision Name                 ; course-project                          ;
; Top-level Entity Name         ; course-project                          ;
; Family                        ; Stratix II                              ;
; Met timing requirements       ; Yes                                     ;
; Logic utilization             ; 10 %                                    ;
;     Combinational ALUTs       ; 893 / 12,480 ( 7 % )                    ;
;     Dedicated logic registers ; 773 / 12,480 ( 6 % )                    ;
; Total registers               ; 773                                     ;
; Total pins                    ; 46 / 343 ( 13 % )                       ;
; Total virtual pins            ; 0                                       ;
; Total block memory bits       ; 131,072 / 419,328 ( 31 % )              ;
; DSP block 9-bit elements      ; 0 / 96 ( 0 % )                          ;
; Total PLLs                    ; 0 / 6 ( 0 % )                           ;
; Total DLLs                    ; 0 / 2 ( 0 % )                           ;
; Device                        ; EP2S15F484C3                            ;
; Timing Models                 ; Final                                   ;
+-------------------------------+-----------------------------------------+


+-----------------------------------------+
; Flow Settings                           ;
+-------------------+---------------------+
; Option            ; Setting             ;
+-------------------+---------------------+
; Start date & time ; 04/28/2017 18:18:25 ;
; Main task         ; Compilation         ;
; Revision Name     ; course-project      ;
+-------------------+---------------------+


+----------------------------------------------------------------------------------------------------------------------------------------------------+
; Flow Non-Default Global Settings                                                                                                                   ;
+------------------------------------+----------------------------------------------------------------+---------------+-------------+----------------+
; Assignment Name                    ; Value                                                          ; Default Value ; Entity Name ; Section Id     ;
+------------------------------------+----------------------------------------------------------------+---------------+-------------+----------------+
; COMPILER_SIGNATURE_ID              ; 18431770694318.149339270506844                                 ; --            ; --          ; --             ;
; IP_TOOL_NAME                       ; LPM_FF                                                         ; --            ; --          ; --             ;
; IP_TOOL_NAME                       ; LPM_DECODE                                                     ; --            ; --          ; --             ;
; IP_TOOL_NAME                       ; LPM_DECODE                                                     ; --            ; --          ; --             ;
; IP_TOOL_NAME                       ; LPM_BUSTRI                                                     ; --            ; --          ; --             ;
; IP_TOOL_NAME                       ; LPM_BUSTRI                                                     ; --            ; --          ; --             ;
; IP_TOOL_NAME                       ; LPM_CONSTANT                                                   ; --            ; --          ; --             ;
; IP_TOOL_NAME                       ; LPM_COUNTER                                                    ; --            ; --          ; --             ;
; IP_TOOL_NAME                       ; LPM_FF                                                         ; --            ; --          ; --             ;
; IP_TOOL_NAME                       ; LPM_COMPARE                                                    ; --            ; --          ; --             ;
; IP_TOOL_NAME                       ; LPM_BUSTRI                                                     ; --            ; --          ; --             ;
; IP_TOOL_NAME                       ; LPM_COUNTER                                                    ; --            ; --          ; --             ;
; IP_TOOL_NAME                       ; LPM_COMPARE                                                    ; --            ; --          ; --             ;
; IP_TOOL_NAME                       ; LPM_DECODE                                                     ; --            ; --          ; --             ;
; IP_TOOL_NAME                       ; LPM_DECODE                                                     ; --            ; --          ; --             ;
; IP_TOOL_NAME                       ; LPM_COUNTER                                                    ; --            ; --          ; --             ;
; IP_TOOL_NAME                       ; LPM_BUSTRI                                                     ; --            ; --          ; --             ;
; IP_TOOL_NAME                       ; LPM_DECODE                                                     ; --            ; --          ; --             ;
; IP_TOOL_NAME                       ; LPM_COUNTER                                                    ; --            ; --          ; --             ;
; IP_TOOL_NAME                       ; LPM_DECODE                                                     ; --            ; --          ; --             ;
; IP_TOOL_NAME                       ; LPM_CONSTANT                                                   ; --            ; --          ; --             ;
; IP_TOOL_NAME                       ; ALTECC                                                         ; --            ; --          ; --             ;
; IP_TOOL_NAME                       ; LPM_COUNTER                                                    ; --            ; --          ; --             ;
; IP_TOOL_NAME                       ; LPM_DECODE                                                     ; --            ; --          ; --             ;
; IP_TOOL_NAME                       ; LPM_DECODE                                                     ; --            ; --          ; --             ;
; IP_TOOL_NAME                       ; LPM_BUSTRI                                                     ; --            ; --          ; --             ;
; IP_TOOL_NAME                       ; LPM_BUSTRI                                                     ; --            ; --          ; --             ;
; IP_TOOL_NAME                       ; LPM_COUNTER                                                    ; --            ; --          ; --             ;
; IP_TOOL_NAME                       ; LPM_DECODE                                                     ; --            ; --          ; --             ;
; IP_TOOL_NAME                       ; LPM_COUNTER                                                    ; --            ; --          ; --             ;
; IP_TOOL_NAME                       ; LPM_COUNTER                                                    ; --            ; --          ; --             ;
; IP_TOOL_NAME                       ; LPM_BUSTRI                                                     ; --            ; --          ; --             ;
; IP_TOOL_NAME                       ; LPM_CONSTANT                                                   ; --            ; --          ; --             ;
; IP_TOOL_NAME                       ; LPM_DECODE                                                     ; --            ; --          ; --             ;
; IP_TOOL_NAME                       ; LPM_BUSTRI                                                     ; --            ; --          ; --             ;
; IP_TOOL_NAME                       ; LPM_BUSTRI                                                     ; --            ; --          ; --             ;
; IP_TOOL_NAME                       ; LPM_CONSTANT                                                   ; --            ; --          ; --             ;
; IP_TOOL_NAME                       ; LPM_DECODE                                                     ; --            ; --          ; --             ;
; IP_TOOL_VERSION                    ; 9.1                                                            ; --            ; --          ; --             ;
; IP_TOOL_VERSION                    ; 9.1                                                            ; --            ; --          ; --             ;
; IP_TOOL_VERSION                    ; 9.1                                                            ; --            ; --          ; --             ;
; IP_TOOL_VERSION                    ; 9.1                                                            ; --            ; --          ; --             ;
; IP_TOOL_VERSION                    ; 9.1                                                            ; --            ; --          ; --             ;
; IP_TOOL_VERSION                    ; 9.1                                                            ; --            ; --          ; --             ;
; IP_TOOL_VERSION                    ; 9.1                                                            ; --            ; --          ; --             ;
; IP_TOOL_VERSION                    ; 9.1                                                            ; --            ; --          ; --             ;
; IP_TOOL_VERSION                    ; 9.1                                                            ; --            ; --          ; --             ;
; IP_TOOL_VERSION                    ; 9.1                                                            ; --            ; --          ; --             ;
; IP_TOOL_VERSION                    ; 9.1                                                            ; --            ; --          ; --             ;
; IP_TOOL_VERSION                    ; 9.1                                                            ; --            ; --          ; --             ;
; IP_TOOL_VERSION                    ; 9.1                                                            ; --            ; --          ; --             ;
; IP_TOOL_VERSION                    ; 9.1                                                            ; --            ; --          ; --             ;
; IP_TOOL_VERSION                    ; 9.1                                                            ; --            ; --          ; --             ;
; IP_TOOL_VERSION                    ; 9.1                                                            ; --            ; --          ; --             ;
; IP_TOOL_VERSION                    ; 9.1                                                            ; --            ; --          ; --             ;
; IP_TOOL_VERSION                    ; 9.1                                                            ; --            ; --          ; --             ;
; IP_TOOL_VERSION                    ; 9.1                                                            ; --            ; --          ; --             ;
; IP_TOOL_VERSION                    ; 9.1                                                            ; --            ; --          ; --             ;
; IP_TOOL_VERSION                    ; 9.1                                                            ; --            ; --          ; --             ;
; IP_TOOL_VERSION                    ; 9.1                                                            ; --            ; --          ; --             ;
; IP_TOOL_VERSION                    ; 9.1                                                            ; --            ; --          ; --             ;
; IP_TOOL_VERSION                    ; 9.1                                                            ; --            ; --          ; --             ;
; IP_TOOL_VERSION                    ; 9.1                                                            ; --            ; --          ; --             ;
; IP_TOOL_VERSION                    ; 9.1                                                            ; --            ; --          ; --             ;
; IP_TOOL_VERSION                    ; 9.1                                                            ; --            ; --          ; --             ;
; IP_TOOL_VERSION                    ; 9.1                                                            ; --            ; --          ; --             ;
; IP_TOOL_VERSION                    ; 9.1                                                            ; --            ; --          ; --             ;
; IP_TOOL_VERSION                    ; 9.1                                                            ; --            ; --          ; --             ;
; IP_TOOL_VERSION                    ; 9.1                                                            ; --            ; --          ; --             ;
; IP_TOOL_VERSION                    ; 9.1                                                            ; --            ; --          ; --             ;
; IP_TOOL_VERSION                    ; 9.1                                                            ; --            ; --          ; --             ;
; IP_TOOL_VERSION                    ; 9.1                                                            ; --            ; --          ; --             ;
; IP_TOOL_VERSION                    ; 9.1                                                            ; --            ; --          ; --             ;
; IP_TOOL_VERSION                    ; 9.1                                                            ; --            ; --          ; --             ;
; IP_TOOL_VERSION                    ; 9.1                                                            ; --            ; --          ; --             ;
; MISC_FILE                          ; lpm_dff0.tdf                                                   ; --            ; --          ; --             ;
; MISC_FILE                          ; lpm_dff0.bsf                                                   ; --            ; --          ; --             ;
; MISC_FILE                          ; lpm_dff0.inc                                                   ; --            ; --          ; --             ;
; MISC_FILE                          ; lpm_decode0.tdf                                                ; --            ; --          ; --             ;
; MISC_FILE                          ; lpm_decode0.bsf                                                ; --            ; --          ; --             ;
; MISC_FILE                          ; lpm_decode0.inc                                                ; --            ; --          ; --             ;
; MISC_FILE                          ; lpm_decode1.tdf                                                ; --            ; --          ; --             ;
; MISC_FILE                          ; lpm_decode1.bsf                                                ; --            ; --          ; --             ;
; MISC_FILE                          ; lpm_decode1.inc                                                ; --            ; --          ; --             ;
; MISC_FILE                          ; lpm_bustri0.tdf                                                ; --            ; --          ; --             ;
; MISC_FILE                          ; lpm_bustri0.bsf                                                ; --            ; --          ; --             ;
; MISC_FILE                          ; lpm_bustri0.inc                                                ; --            ; --          ; --             ;
; MISC_FILE                          ; lpm_bustri1.tdf                                                ; --            ; --          ; --             ;
; MISC_FILE                          ; lpm_bustri1.bsf                                                ; --            ; --          ; --             ;
; MISC_FILE                          ; lpm_bustri1.inc                                                ; --            ; --          ; --             ;
; MISC_FILE                          ; lpm_constant0.tdf                                              ; --            ; --          ; --             ;
; MISC_FILE                          ; lpm_constant0.bsf                                              ; --            ; --          ; --             ;
; MISC_FILE                          ; lpm_constant0.inc                                              ; --            ; --          ; --             ;
; MISC_FILE                          ; lpm_counter0.tdf                                               ; --            ; --          ; --             ;
; MISC_FILE                          ; lpm_counter0.bsf                                               ; --            ; --          ; --             ;
; MISC_FILE                          ; lpm_counter0.inc                                               ; --            ; --          ; --             ;
; MISC_FILE                          ; D:/Универ/6 семестр/quartus-micro-processor/course-project.dpf ; --            ; --          ; --             ;
; MISC_FILE                          ; lpm_dff1.tdf                                                   ; --            ; --          ; --             ;
; MISC_FILE                          ; lpm_dff1.bsf                                                   ; --            ; --          ; --             ;
; MISC_FILE                          ; lpm_dff1.inc                                                   ; --            ; --          ; --             ;
; MISC_FILE                          ; lpm_compare0.tdf                                               ; --            ; --          ; --             ;
; MISC_FILE                          ; lpm_compare0.bsf                                               ; --            ; --          ; --             ;
; MISC_FILE                          ; lpm_compare0.inc                                               ; --            ; --          ; --             ;
; MISC_FILE                          ; lpm_bustri2.tdf                                                ; --            ; --          ; --             ;
; MISC_FILE                          ; lpm_bustri2.bsf                                                ; --            ; --          ; --             ;
; MISC_FILE                          ; lpm_bustri2.inc                                                ; --            ; --          ; --             ;
; MISC_FILE                          ; lpm_counter1.tdf                                               ; --            ; --          ; --             ;
; MISC_FILE                          ; lpm_counter1.bsf                                               ; --            ; --          ; --             ;
; MISC_FILE                          ; lpm_counter1.inc                                               ; --            ; --          ; --             ;
; MISC_FILE                          ; lpm_compare1.tdf                                               ; --            ; --          ; --             ;
; MISC_FILE                          ; lpm_compare1.bsf                                               ; --            ; --          ; --             ;
; MISC_FILE                          ; lpm_compare1.inc                                               ; --            ; --          ; --             ;
; MISC_FILE                          ; lpm_decode2.tdf                                                ; --            ; --          ; --             ;
; MISC_FILE                          ; lpm_decode2.bsf                                                ; --            ; --          ; --             ;
; MISC_FILE                          ; lpm_decode2.inc                                                ; --            ; --          ; --             ;
; MISC_FILE                          ; lpm_decode3.tdf                                                ; --            ; --          ; --             ;
; MISC_FILE                          ; lpm_decode3.bsf                                                ; --            ; --          ; --             ;
; MISC_FILE                          ; lpm_decode3.inc                                                ; --            ; --          ; --             ;
; MISC_FILE                          ; lpm_counter2.tdf                                               ; --            ; --          ; --             ;
; MISC_FILE                          ; lpm_counter2.bsf                                               ; --            ; --          ; --             ;
; MISC_FILE                          ; lpm_counter2.inc                                               ; --            ; --          ; --             ;
; MISC_FILE                          ; lpm_bustri3.tdf                                                ; --            ; --          ; --             ;
; MISC_FILE                          ; lpm_bustri3.bsf                                                ; --            ; --          ; --             ;
; MISC_FILE                          ; lpm_bustri3.inc                                                ; --            ; --          ; --             ;
; MISC_FILE                          ; lpm_decode4.tdf                                                ; --            ; --          ; --             ;
; MISC_FILE                          ; lpm_decode4.bsf                                                ; --            ; --          ; --             ;
; MISC_FILE                          ; lpm_decode4.inc                                                ; --            ; --          ; --             ;
; MISC_FILE                          ; lpm_counter3.tdf                                               ; --            ; --          ; --             ;
; MISC_FILE                          ; lpm_counter3.bsf                                               ; --            ; --          ; --             ;
; MISC_FILE                          ; lpm_counter3.inc                                               ; --            ; --          ; --             ;
; MISC_FILE                          ; lpm_decode5.tdf                                                ; --            ; --          ; --             ;
; MISC_FILE                          ; lpm_decode5.bsf                                                ; --            ; --          ; --             ;
; MISC_FILE                          ; lpm_decode5.inc                                                ; --            ; --          ; --             ;
; MISC_FILE                          ; lpm_constant1.tdf                                              ; --            ; --          ; --             ;
; MISC_FILE                          ; lpm_constant1.bsf                                              ; --            ; --          ; --             ;
; MISC_FILE                          ; lpm_constant1.inc                                              ; --            ; --          ; --             ;
; MISC_FILE                          ; altecc_encoder0.tdf                                            ; --            ; --          ; --             ;
; MISC_FILE                          ; altecc_encoder0.bsf                                            ; --            ; --          ; --             ;
; MISC_FILE                          ; altecc_encoder0.inc                                            ; --            ; --          ; --             ;
; MISC_FILE                          ; lpm_counter10.tdf                                              ; --            ; --          ; --             ;
; MISC_FILE                          ; lpm_counter10.bsf                                              ; --            ; --          ; --             ;
; MISC_FILE                          ; lpm_counter10.inc                                              ; --            ; --          ; --             ;
; MISC_FILE                          ; lpm_decode6.tdf                                                ; --            ; --          ; --             ;
; MISC_FILE                          ; lpm_decode6.bsf                                                ; --            ; --          ; --             ;
; MISC_FILE                          ; lpm_decode6.inc                                                ; --            ; --          ; --             ;
; MISC_FILE                          ; lpm_decode7.tdf                                                ; --            ; --          ; --             ;
; MISC_FILE                          ; lpm_decode7.bsf                                                ; --            ; --          ; --             ;
; MISC_FILE                          ; lpm_decode7.inc                                                ; --            ; --          ; --             ;
; MISC_FILE                          ; lpm_bustri4.tdf                                                ; --            ; --          ; --             ;
; MISC_FILE                          ; lpm_bustri4.bsf                                                ; --            ; --          ; --             ;
; MISC_FILE                          ; lpm_bustri4.inc                                                ; --            ; --          ; --             ;
; MISC_FILE                          ; lpm_bustri5.tdf                                                ; --            ; --          ; --             ;
; MISC_FILE                          ; lpm_bustri5.bsf                                                ; --            ; --          ; --             ;
; MISC_FILE                          ; lpm_bustri5.inc                                                ; --            ; --          ; --             ;
; MISC_FILE                          ; lpm_counter12.tdf                                              ; --            ; --          ; --             ;
; MISC_FILE                          ; lpm_counter12.bsf                                              ; --            ; --          ; --             ;
; MISC_FILE                          ; lpm_counter12.inc                                              ; --            ; --          ; --             ;
; MISC_FILE                          ; lpm_decode8.tdf                                                ; --            ; --          ; --             ;
; MISC_FILE                          ; lpm_decode8.bsf                                                ; --            ; --          ; --             ;
; MISC_FILE                          ; lpm_decode8.inc                                                ; --            ; --          ; --             ;
; MISC_FILE                          ; lpm_counter4.tdf                                               ; --            ; --          ; --             ;
; MISC_FILE                          ; lpm_counter4.bsf                                               ; --            ; --          ; --             ;
; MISC_FILE                          ; lpm_counter4.inc                                               ; --            ; --          ; --             ;
; MISC_FILE                          ; lpm_counter13.tdf                                              ; --            ; --          ; --             ;
; MISC_FILE                          ; lpm_counter13.bsf                                              ; --            ; --          ; --             ;
; MISC_FILE                          ; lpm_counter13.inc                                              ; --            ; --          ; --             ;
; MISC_FILE                          ; lpm_bustri6.tdf                                                ; --            ; --          ; --             ;
; MISC_FILE                          ; lpm_bustri6.bsf                                                ; --            ; --          ; --             ;
; MISC_FILE                          ; lpm_bustri6.inc                                                ; --            ; --          ; --             ;
; MISC_FILE                          ; lpm_constant2.tdf                                              ; --            ; --          ; --             ;
; MISC_FILE                          ; lpm_constant2.bsf                                              ; --            ; --          ; --             ;
; MISC_FILE                          ; lpm_constant2.inc                                              ; --            ; --          ; --             ;
; MISC_FILE                          ; lpm_decode9.tdf                                                ; --            ; --          ; --             ;
; MISC_FILE                          ; lpm_decode9.bsf                                                ; --            ; --          ; --             ;
; MISC_FILE                          ; lpm_decode9.inc                                                ; --            ; --          ; --             ;
; MISC_FILE                          ; lpm_bustri7.tdf                                                ; --            ; --          ; --             ;
; MISC_FILE                          ; lpm_bustri7.bsf                                                ; --            ; --          ; --             ;
; MISC_FILE                          ; lpm_bustri7.inc                                                ; --            ; --          ; --             ;
; MISC_FILE                          ; lpm_bustri8.tdf                                                ; --            ; --          ; --             ;
; MISC_FILE                          ; lpm_bustri8.bsf                                                ; --            ; --          ; --             ;
; MISC_FILE                          ; lpm_bustri8.inc                                                ; --            ; --          ; --             ;
; MISC_FILE                          ; lpm_constant3.tdf                                              ; --            ; --          ; --             ;
; MISC_FILE                          ; lpm_constant3.bsf                                              ; --            ; --          ; --             ;
; MISC_FILE                          ; lpm_constant3.inc                                              ; --            ; --          ; --             ;
; MISC_FILE                          ; lpm_decode10.tdf                                               ; --            ; --          ; --             ;
; MISC_FILE                          ; lpm_decode10.bsf                                               ; --            ; --          ; --             ;
; MISC_FILE                          ; lpm_decode10.inc                                               ; --            ; --          ; --             ;
; PARTITION_COLOR                    ; 16764057                                                       ; --            ; --          ; Top            ;
; PARTITION_NETLIST_TYPE             ; SOURCE                                                         ; --            ; --          ; Top            ;
; USE_GENERATED_PHYSICAL_CONSTRAINTS ; Off                                                            ; --            ; --          ; eda_blast_fpga ;
+------------------------------------+----------------------------------------------------------------+---------------+-------------+----------------+


+-----------------------------------------------------------------------------------------------------------------------------+
; Flow Elapsed Time                                                                                                           ;
+-------------------------+--------------+-------------------------+---------------------+------------------------------------+
; Module Name             ; Elapsed Time ; Average Processors Used ; Peak Virtual Memory ; Total CPU Time (on all processors) ;
+-------------------------+--------------+-------------------------+---------------------+------------------------------------+
; Analysis & Synthesis    ; 00:00:11     ; 1.0                     ; 276 MB              ; 00:00:11                           ;
; Fitter                  ; 00:00:06     ; 1.0                     ; 307 MB              ; 00:00:07                           ;
; Assembler               ; 00:00:02     ; 1.0                     ; 265 MB              ; 00:00:02                           ;
; Classic Timing Analyzer ; 00:00:01     ; 1.0                     ; 208 MB              ; 00:00:02                           ;
; Total                   ; 00:00:20     ; --                      ; --                  ; 00:00:22                           ;
+-------------------------+--------------+-------------------------+---------------------+------------------------------------+


+------------------------------------------------------------------------------------------+
; Flow OS Summary                                                                          ;
+-------------------------+------------------+---------------+------------+----------------+
; Module Name             ; Machine Hostname ; OS Name       ; OS Version ; Processor type ;
+-------------------------+------------------+---------------+------------+----------------+
; Analysis & Synthesis    ; z9               ; Windows Vista ; 6.2        ; x86_64         ;
; Fitter                  ; z9               ; Windows Vista ; 6.2        ; x86_64         ;
; Assembler               ; z9               ; Windows Vista ; 6.2        ; x86_64         ;
; Classic Timing Analyzer ; z9               ; Windows Vista ; 6.2        ; x86_64         ;
+-------------------------+------------------+---------------+------------+----------------+


------------
; Flow Log ;
------------
quartus_map --read_settings_files=on --write_settings_files=off course-project -c course-project
quartus_fit --read_settings_files=off --write_settings_files=off course-project -c course-project
quartus_asm --read_settings_files=off --write_settings_files=off course-project -c course-project
quartus_tan --read_settings_files=off --write_settings_files=off course-project -c course-project --timing_analysis_only



